2016-11-10 11:24:35 [-][-][-][error][yii\base\InvalidConfigException] exception 'yii\base\InvalidConfigException' with message 'You should configure "authManager" component to use database before executing this migration.' in /Data/html/advanced/vendor/yiisoft/yii2/rbac/migrations/m140506_102106_rbac_init.php:27
Stack trace:
#0 /Data/html/advanced/vendor/yiisoft/yii2/rbac/migrations/m140506_102106_rbac_init.php(45): m140506_102106_rbac_init->getAuthManager()
#1 /Data/html/advanced/vendor/yiisoft/yii2/console/controllers/BaseMigrateController.php(509): m140506_102106_rbac_init->up()
#2 /Data/html/advanced/vendor/yiisoft/yii2/console/controllers/BaseMigrateController.php(130): yii\console\controllers\BaseMigrateController->migrateUp('m140506_102106_...')
#3 [internal function]: yii\console\controllers\BaseMigrateController->actionUp(0)
#4 /Data/html/advanced/vendor/yiisoft/yii2/base/InlineAction.php(55): call_user_func_array(Array, Array)
#5 /Data/html/advanced/vendor/yiisoft/yii2/base/Controller.php(154): yii\base\InlineAction->runWithParams(Array)
#6 /Data/html/advanced/vendor/yiisoft/yii2/console/Controller.php(119): yii\base\Controller->runAction('', Array)
#7 /Data/html/advanced/vendor/yiisoft/yii2/base/Module.php(454): yii\console\Controller->runAction('', Array)
#8 /Data/html/advanced/vendor/yiisoft/yii2/console/Application.php(180): yii\base\Module->runAction('migrate', Array)
#9 /Data/html/advanced/vendor/yiisoft/yii2/console/Application.php(147): yii\console\Application->runAction('migrate', Array)
#10 /Data/html/advanced/vendor/yiisoft/yii2/base/Application.php(375): yii\console\Application->handleRequest(Object(yii\console\Request))
#11 /Data/html/advanced/yii(27): yii\base\Application->run()
#12 {main}
2016-11-10 11:23:48 [-][-][-][info][application] $_SERVER = [
    'USER' => 'root'
    'LOGNAME' => 'root'
    'HOME' => '/root'
    'PATH' => '/usr/lib/qt-3.3/bin:/usr/local/sbin:/usr/local/bin:/sbin:/bin:/usr/sbin:/usr/bin:/home/sippbx/sbin:/root/bin:/home/sippbx/sbin:/root/bin'
    'MAIL' => '/var/spool/mail/root'
    'SHELL' => '/bin/zsh'
    'SSH_CLIENT' => '192.168.139.11 62980 2222'
    'SSH_CONNECTION' => '192.168.139.11 62980 192.168.139.162 2222'
    'SSH_TTY' => '/dev/pts/1'
    'TERM' => 'xterm'
    'SHLVL' => '1'
    'PWD' => '/usr/local/www/nginx/html/advanced'
    'OLDPWD' => '/usr/local/www/nginx/html/advanced/backend'
    'HISTCONTROL' => 'ignoredups'
    'HOSTNAME' => 'ha2'
    'HISTSIZE' => '10000'
    'LS_COLORS' => 'rs=0:di=01;34:ln=01;36:mh=00:pi=40;33:so=01;35:do=01;35:bd=40;33;01:cd=40;33;01:or=40;31;01:mi=01;05;37;41:su=37;41:sg=30;43:ca=30;41:tw=30;42:ow=34;42:st=37;44:ex=01;32:*.tar=01;31:*.tgz=01;31:*.arj=01;31:*.taz=01;31:*.lzh=01;31:*.lzma=01;31:*.tlz=01;31:*.txz=01;31:*.zip=01;31:*.z=01;31:*.Z=01;31:*.dz=01;31:*.gz=01;31:*.lz=01;31:*.xz=01;31:*.bz2=01;31:*.tbz=01;31:*.tbz2=01;31:*.bz=01;31:*.tz=01;31:*.deb=01;31:*.rpm=01;31:*.jar=01;31:*.rar=01;31:*.ace=01;31:*.zoo=01;31:*.cpio=01;31:*.7z=01;31:*.rz=01;31:*.jpg=01;35:*.jpeg=01;35:*.gif=01;35:*.bmp=01;35:*.pbm=01;35:*.pgm=01;35:*.ppm=01;35:*.tga=01;35:*.xbm=01;35:*.xpm=01;35:*.tif=01;35:*.tiff=01;35:*.png=01;35:*.svg=01;35:*.svgz=01;35:*.mng=01;35:*.pcx=01;35:*.mov=01;35:*.mpg=01;35:*.mpeg=01;35:*.m2v=01;35:*.mkv=01;35:*.ogm=01;35:*.mp4=01;35:*.m4v=01;35:*.mp4v=01;35:*.vob=01;35:*.qt=01;35:*.nuv=01;35:*.wmv=01;35:*.asf=01;35:*.rm=01;35:*.rmvb=01;35:*.flc=01;35:*.avi=01;35:*.fli=01;35:*.flv=01;35:*.gl=01;35:*.dl=01;35:*.xcf=01;35:*.xwd=01;35:*.yuv=01;35:*.cgm=01;35:*.emf=01;35:*.axv=01;35:*.anx=01;35:*.ogv=01;35:*.ogx=01;35:*.aac=01;36:*.au=01;36:*.flac=01;36:*.mid=01;36:*.midi=01;36:*.mka=01;36:*.mp3=01;36:*.mpc=01;36:*.ogg=01;36:*.ra=01;36:*.wav=01;36:*.axa=01;36:*.oga=01;36:*.spx=01;36:*.xspf=01;36:'
    'CVS_RSH' => 'ssh'
    'G_BROKEN_FILENAMES' => '1'
    'KDEDIRS' => '/usr'
    'KDE_IS_PRELINKED' => '1'
    'LANG' => 'en_US.UTF-8'
    'LESSOPEN' => '|/usr/bin/lesspipe.sh %s'
    'MODULESHOME' => '/usr/share/Modules'
    'LOADEDMODULES' => ''
    'MODULEPATH' => '/usr/share/Modules/modulefiles:/etc/modulefiles'
    'QTDIR' => '/usr/lib/qt-3.3'
    'QTINC' => '/usr/lib/qt-3.3/include'
    'QTLIB' => '/usr/lib/qt-3.3/lib'
    'rvm_path' => '/usr/local/rvm'
    'rvm_prefix' => '/usr/local'
    'rvm_bin_path' => '/usr/local/rvm/bin'
    '_system_type' => 'Linux'
    '_system_name' => 'CentOS'
    '_system_version' => '6'
    '_system_arch' => 'i386'
    'rvm_version' => '1.26.11 (latest)'
    'GEM_HOME' => '/usr/local/rvm/gems/ruby-2.2.1'
    'GEM_PATH' => '/usr/local/rvm/gems/ruby-2.2.1:/usr/local/rvm/gems/ruby-2.2.1@global'
    'MY_RUBY_HOME' => '/usr/local/rvm/rubies/ruby-2.2.1'
    'IRBRC' => '/usr/local/rvm/rubies/ruby-2.2.1/.irbrc'
    'RUBY_VERSION' => 'ruby-2.2.1'
    'LC_CTYPE' => 'en_US.UTF-8'
    'rvm_promptless' => '1'
    'LD_LIBRARY_PATH' => '/usr/local/lib:/usr/lib'
    'JAVA_HOME' => '/usr/lib/jvm/jre-1.6.0-openjdk'
    'CLASSPATH' => '.:/usr/lib/jvm/jre-1.6.0-openjdk/lib/dt.jar:/usr/lib/jvm/jre-1.6.0-openjdk/lib/tools.jar'
    'ZSH' => '/root/.oh-my-zsh'
    'PAGER' => 'less'
    'LESS' => '-R'
    'LSCOLORS' => 'Gxfxcxdxbxegedabagacad'
    'ZSH_TMUX_TERM' => 'screen'
    '_ZSH_TMUX_FIXED_CONFIG' => '/root/.oh-my-zsh/plugins/tmux/tmux.only.conf'
    'EDITOR' => 'vim'
    'rvm_alias_expanded' => ''
    'rvm_bin_flag' => ''
    'rvm_docs_type' => ''
    'rvm_gemstone_package_file' => ''
    'rvm_gemstone_url' => ''
    'rvm_niceness' => ''
    'rvm_nightly_flag' => ''
    'rvm_only_path_flag' => ''
    'rvm_proxy' => ''
    'rvm_quiet_flag' => ''
    'rvm_ruby_bits' => ''
    'rvm_ruby_file' => ''
    'rvm_ruby_make' => ''
    'rvm_ruby_make_install' => ''
    'rvm_ruby_mode' => ''
    'rvm_script_name' => ''
    'rvm_sdk' => ''
    'rvm_silent_flag' => ''
    'rvm_use_flag' => ''
    'rvm_wrapper_name' => ''
    'rvm_hook' => ''
    '_' => '/usr/local/www/nginx/html/advanced/./yii'
    'PHP_SELF' => './yii'
    'SCRIPT_NAME' => './yii'
    'SCRIPT_FILENAME' => './yii'
    'PATH_TRANSLATED' => './yii'
    'DOCUMENT_ROOT' => ''
    'REQUEST_TIME_FLOAT' => 1478748228.9218
    'REQUEST_TIME' => 1478748228
    'argv' => [
        0 => './yii'
        1 => 'migrate'
        2 => '--migrationPath=@yii/rbac/migrations/'
    ]
    'argc' => 3
]
